This is pdfTeX, Version 3.1415926-2.3-1.40.12 (MiKTeX 2.9) (preloaded format=pdflatex 2012.4.27)  14 JAN 2013 16:38
entering extended mode
**tiago_qualification.tex

(C:\Users\tpereira\Documents\GitHub\masters_thesis\qualification\portuguese\tia
go_qualification.tex
LaTeX2e <2011/06/27>
Babel <v3.8m> and hyphenation patterns for english, afrikaans, ancientgreek, ar
abic, armenian, assamese, basque, bengali, bokmal, bulgarian, catalan, coptic, 
croatian, czech, danish, dutch, esperanto, estonian, farsi, finnish, french, ga
lician, german, german-x-2009-06-19, greek, gujarati, hindi, hungarian, iceland
ic, indonesian, interlingua, irish, italian, kannada, kurmanji, lao, latin, lat
vian, lithuanian, malayalam, marathi, mongolian, mongolianlmc, monogreek, ngerm
an, ngerman-x-2009-06-19, nynorsk, oriya, panjabi, pinyin, polish, portuguese, 
romanian, russian, sanskrit, serbian, slovak, slovenian, spanish, swedish, swis
sgerman, tamil, telugu, turkish, turkmen, ukenglish, ukrainian, uppersorbian, u
senglishmax, welsh, loaded.
("C:\Program Files (x86)\MiKTeX 2.9\tex\latex\base\book.cls"
Document Class: book 2007/10/19 v1.4h Standard LaTeX document class
("C:\Program Files (x86)\MiKTeX 2.9\tex\latex\base\bk12.clo"
File: bk12.clo 2007/10/19 v1.4h Standard LaTeX file (size option)
)
\c@part=\count79
\c@chapter=\count80
\c@section=\count81
\c@subsection=\count82
\c@subsubsection=\count83
\c@paragraph=\count84
\c@subparagraph=\count85
\c@figure=\count86
\c@table=\count87
\abovecaptionskip=\skip41
\belowcaptionskip=\skip42
\bibindent=\dimen102
)
("C:\Program Files (x86)\MiKTeX 2.9\tex\latex\rotating\rotating.sty"
Package: rotating 2009/03/28 v2.16a rotated objects in LaTeX

("C:\Program Files (x86)\MiKTeX 2.9\tex\latex\graphics\graphicx.sty"
Package: graphicx 1999/02/16 v1.0f Enhanced LaTeX Graphics (DPC,SPQR)

("C:\Program Files (x86)\MiKTeX 2.9\tex\latex\graphics\keyval.sty"
Package: keyval 1999/03/16 v1.13 key=value parser (DPC)
\KV@toks@=\toks14
)
("C:\Program Files (x86)\MiKTeX 2.9\tex\latex\graphics\graphics.sty"
Package: graphics 2009/02/05 v1.0o Standard LaTeX Graphics (DPC,SPQR)

("C:\Program Files (x86)\MiKTeX 2.9\tex\latex\graphics\trig.sty"
Package: trig 1999/03/16 v1.09 sin cos tan (DPC)
)
("C:\Program Files (x86)\MiKTeX 2.9\tex\latex\00miktex\graphics.cfg"
File: graphics.cfg 2007/01/18 v1.5 graphics configuration of teTeX/TeXLive
)
Package graphics Info: Driver file: pdftex.def on input line 91.

("C:\Program Files (x86)\MiKTeX 2.9\tex\latex\pdftex-def\pdftex.def"
File: pdftex.def 2011/05/27 v0.06d Graphics/color for pdfTeX

("C:\Program Files (x86)\MiKTeX 2.9\tex\generic\oberdiek\infwarerr.sty"
Package: infwarerr 2010/04/08 v1.3 Providing info/warning/message (HO)
)
("C:\Program Files (x86)\MiKTeX 2.9\tex\generic\oberdiek\ltxcmds.sty"
Package: ltxcmds 2011/04/18 v1.20 LaTeX kernel commands for general use (HO)
)
\Gread@gobject=\count88
))
\Gin@req@height=\dimen103
\Gin@req@width=\dimen104
)
("C:\Program Files (x86)\MiKTeX 2.9\tex\latex\base\ifthen.sty"
Package: ifthen 2001/05/26 v1.1c Standard LaTeX ifthen package (DPC)
)
\c@r@tfl@t=\count89
\rotFPtop=\skip43
\rotFPbot=\skip44
\rot@float@box=\box26
\rot@mess@toks=\toks15
)
("C:\Program Files (x86)\MiKTeX 2.9\tex\latex\multirow\multirow.sty"
\bigstrutjot=\dimen105
)
("C:\Program Files (x86)\MiKTeX 2.9\tex\generic\babel\babel.sty"
Package: babel 2008/07/08 v3.8m The Babel package

*************************************
* Local config file bblopts.cfg used
*
("C:\Program Files (x86)\MiKTeX 2.9\tex\latex\00miktex\bblopts.cfg"
File: bblopts.cfg 2006/07/31 v1.0 MiKTeX 'babel' configuration
)
("C:\Program Files (x86)\MiKTeX 2.9\tex\generic\babel\portuges.ldf"
Language: portuges 2008/03/18 v1.2q Portuguese support from the babel system

("C:\Program Files (x86)\MiKTeX 2.9\tex\generic\babel\babel.def"
File: babel.def 2008/07/08 v3.8m Babel common definitions
\babel@savecnt=\count90
\U@D=\dimen106
)
Package babel Info: Making " an active character on input line 145.
)
("C:\Program Files (x86)\MiKTeX 2.9\tex\generic\babel\portuges.ldf"
Language: portuges 2008/03/18 v1.2q Portuguese support from the babel system
\l@brazil = a dialect from \language\l@portuges 
))
("C:\Program Files (x86)\MiKTeX 2.9\tex\latex\base\inputenc.sty"
Package: inputenc 2008/03/30 v1.1d Input encoding file
\inpenc@prehook=\toks16
\inpenc@posthook=\toks17

("C:\Program Files (x86)\MiKTeX 2.9\tex\latex\base\latin1.def"
File: latin1.def 2008/03/30 v1.1d Input encoding file
))
("C:\Program Files (x86)\MiKTeX 2.9\tex\latex\tools\indentfirst.sty"
Package: indentfirst 1995/11/23 v1.03 Indent first paragraph (DPC)
)
("C:\Program Files (x86)\MiKTeX 2.9\tex\latex\ae\ae.sty"
Package: ae 2001/02/12 1.3 Almost European Computer Modern

("C:\Program Files (x86)\MiKTeX 2.9\tex\latex\base\fontenc.sty"
Package: fontenc 2005/09/27 v1.99g Standard LaTeX package

("C:\Program Files (x86)\MiKTeX 2.9\tex\latex\base\t1enc.def"
File: t1enc.def 2005/09/27 v1.99g Standard LaTeX file
LaTeX Font Info:    Redeclaring font encoding T1 on input line 43.
)
LaTeX Font Info:    Try loading font information for T1+aer on input line 100.

("C:\Program Files (x86)\MiKTeX 2.9\tex\latex\ae\t1aer.fd"
File: t1aer.fd 1997/11/16 Font definitions for T1/aer.
)))
("C:\Program Files (x86)\MiKTeX 2.9\tex\latex\harvard\harvard.sty"
Package: harvard 

("C:\Program Files (x86)\MiKTeX 2.9\tex\latex\latex2html\html.sty"
("C:\Program Files (x86)\MiKTeX 2.9\tex\latex\hyperref\hyperref.sty"
Package: hyperref 2011/12/04 v6.82m Hypertext links for LaTeX

("C:\Program Files (x86)\MiKTeX 2.9\tex\generic\oberdiek\hobsub-hyperref.sty"
Package: hobsub-hyperref 2011/04/23 v1.4 Bundle oberdiek, subset hyperref (HO)

("C:\Program Files (x86)\MiKTeX 2.9\tex\generic\oberdiek\hobsub-generic.sty"
Package: hobsub-generic 2011/04/23 v1.4 Bundle oberdiek, subset generic (HO)
Package: hobsub 2011/04/23 v1.4 Subsetting bundle oberdiek (HO)
Package hobsub Info: Skipping package `infwarerr' (already loaded).
Package hobsub Info: Skipping package `ltxcmds' (already loaded).
Package: ifluatex 2010/03/01 v1.3 Provides the ifluatex switch (HO)
Package ifluatex Info: LuaTeX not detected.
Package: ifvtex 2010/03/01 v1.5 Switches for detecting VTeX and its modes (HO)
Package ifvtex Info: VTeX not detected.
Package: intcalc 2007/09/27 v1.1 Expandable integer calculations (HO)
Package: ifpdf 2011/01/30 v2.3 Provides the ifpdf switch (HO)
Package ifpdf Info: pdfTeX in PDF mode is detected.
Package: etexcmds 2011/02/16 v1.5 Prefix for e-TeX command names (HO)
Package etexcmds Info: Could not find \expanded.
(etexcmds)             That can mean that you are not using pdfTeX 1.50 or
(etexcmds)             that some package has redefined \expanded.
(etexcmds)             In the latter case, load this package earlier.
Package: kvsetkeys 2011/04/07 v1.13 Key value parser (HO)
Package: kvdefinekeys 2011/04/07 v1.3 Defining keys (HO)
Package: pdftexcmds 2011/04/22 v0.16 Utilities of pdfTeX for LuaTeX (HO)
Package pdftexcmds Info: LuaTeX not detected.
Package pdftexcmds Info: \pdf@primitive is available.
Package pdftexcmds Info: \pdf@ifprimitive is available.
Package pdftexcmds Info: \pdfdraftmode found.
Package: pdfescape 2011/04/04 v1.12 Provides string conversions (HO)
Package: bigintcalc 2011/01/30 v1.2 Expandable big integer calculations (HO)
Package: bitset 2011/01/30 v1.1 Data type bit set (HO)
Package: uniquecounter 2011/01/30 v1.2 Provides unlimited unique counter (HO)
)
Package hobsub Info: Skipping package `hobsub' (already loaded).
Package: letltxmacro 2010/09/02 v1.4 Let assignment for LaTeX macros (HO)
Package: hopatch 2011/01/30 v1.0 Wrapper for package hooks (HO)
Package: xcolor-patch 2011/01/30 xcolor patch
Package: atveryend 2011/04/23 v1.7 Hooks at very end of document (HO)
Package: atbegshi 2011/01/30 v1.15 At begin shipout hook (HO)
Package: refcount 2010/12/01 v3.2 Data extraction from references (HO)
Package: hycolor 2011/01/30 v1.7 Color options of hyperref/bookmark (HO)
)
("C:\Program Files (x86)\MiKTeX 2.9\tex\generic\ifxetex\ifxetex.sty"
Package: ifxetex 2010/09/12 v0.6 Provides ifxetex conditional
)
("C:\Program Files (x86)\MiKTeX 2.9\tex\latex\oberdiek\kvoptions.sty"
Package: kvoptions 2010/12/23 v3.10 Keyval support for LaTeX options (HO)
)
\@linkdim=\dimen107
\Hy@linkcounter=\count91
\Hy@pagecounter=\count92

("C:\Program Files (x86)\MiKTeX 2.9\tex\latex\hyperref\pd1enc.def"
File: pd1enc.def 2011/12/04 v6.82m Hyperref: PDFDocEncoding definition (HO)
)
\Hy@SavedSpaceFactor=\count93

("C:\Program Files (x86)\MiKTeX 2.9\tex\latex\00miktex\hyperref.cfg"
File: hyperref.cfg 2002/06/06 v1.2 hyperref configuration of TeXLive
)
Package hyperref Info: Option `final' set `true' on input line 3925.
Package hyperref Info: Hyper figures OFF on input line 4046.
Package hyperref Info: Link nesting OFF on input line 4051.
Package hyperref Info: Hyper index ON on input line 4054.
Package hyperref Info: Plain pages OFF on input line 4061.
Package hyperref Info: Backreferencing OFF on input line 4066.
Package hyperref Info: Implicit mode ON; LaTeX internals redefined.
Package hyperref Info: Bookmarks ON on input line 4284.
\c@Hy@tempcnt=\count94

("C:\Program Files (x86)\MiKTeX 2.9\tex\latex\ltxmisc\url.sty"
\Urlmuskip=\muskip10
Package: url 2006/04/12  ver 3.3  Verb mode for urls, etc.
)
LaTeX Info: Redefining \url on input line 4637.
\Fld@menulength=\count95
\Field@Width=\dimen108
\Fld@charsize=\dimen109
Package hyperref Info: Hyper figures OFF on input line 5757.
Package hyperref Info: Link nesting OFF on input line 5762.
Package hyperref Info: Hyper index ON on input line 5765.
Package hyperref Info: backreferencing OFF on input line 5772.
Package hyperref Info: Link coloring OFF on input line 5777.
Package hyperref Info: Link coloring with OCG OFF on input line 5782.
Package hyperref Info: PDF/A mode OFF on input line 5787.
LaTeX Info: Redefining \ref on input line 5827.
LaTeX Info: Redefining \pageref on input line 5831.
\Hy@abspage=\count96
\c@Item=\count97
\c@Hfootnote=\count98
)

Package hyperref Message: Driver (autodetected): hpdftex.

("C:\Program Files (x86)\MiKTeX 2.9\tex\latex\hyperref\hpdftex.def"
File: hpdftex.def 2011/12/04 v6.82m Hyperref driver for pdfTeX
\Fld@listcount=\count99
\c@bookmark@seq@number=\count100

("C:\Program Files (x86)\MiKTeX 2.9\tex\latex\oberdiek\rerunfilecheck.sty"
Package: rerunfilecheck 2011/04/15 v1.7 Rerun checks for auxiliary files (HO)
Package uniquecounter Info: New unique counter `rerunfilecheck' on input line 2
82.
)
\Hy@SectionHShift=\skip45
)
Package: html 1999/07/19 v1.38 hypertext commands for latex2html (nd, hws, rrm)

\c@lpart=\count101
\c@lchapter=\count102
\c@lsection=\count103
\c@lsubsection=\count104
\c@lsubsubsection=\count105
\c@lparagraph=\count106
\c@lsubparagraph=\count107
\c@lsubsubparagraph=\count108
\ptrfile=\write3
))
("C:\Program Files (x86)\MiKTeX 2.9\tex\latex\amsfonts\amssymb.sty"
Package: amssymb 2009/06/22 v3.00

("C:\Program Files (x86)\MiKTeX 2.9\tex\latex\amsfonts\amsfonts.sty"
Package: amsfonts 2009/06/22 v3.00 Basic AMSFonts support
\@emptytoks=\toks18
\symAMSa=\mathgroup4
\symAMSb=\mathgroup5
LaTeX Font Info:    Overwriting math alphabet `\mathfrak' in version `bold'
(Font)                  U/euf/m/n --> U/euf/b/n on input line 96.
))
("C:\Program Files (x86)\MiKTeX 2.9\tex\latex\fancyhdr\fancyhdr.sty"
\fancy@headwidth=\skip46
\f@ncyO@elh=\skip47
\f@ncyO@erh=\skip48
\f@ncyO@olh=\skip49
\f@ncyO@orh=\skip50
\f@ncyO@elf=\skip51
\f@ncyO@erf=\skip52
\f@ncyO@olf=\skip53
\f@ncyO@orf=\skip54
)
("C:\Program Files (x86)\MiKTeX 2.9\tex\latex\fancybox\fancybox.sty"
Package: fancybox 2010/05/15 1.4

Style option: `fancybox' v1.4 <2010/05/15> (tvz)
\@fancybox=\box27
\shadowsize=\dimen110
\@Sbox=\box28
\do@VerbBox=\toks19
\the@fancyput=\toks20
\this@fancyput=\toks21
\EndVerbatimTokens=\toks22
\Verbatim@Outfile=\write4
\Verbatim@Infile=\read1
) ("C:\Program Files (x86)\MiKTeX 2.9\tex\latex\graphics\epsfig.sty"
Package: epsfig 1999/02/16 v1.7a (e)psfig emulation (SPQR)
\epsfxsize=\dimen111
\epsfysize=\dimen112
)
("C:\Program Files (x86)\MiKTeX 2.9\tex\latex\psfrag\psfrag.sty"
Package: psfrag 1998/04/11 v3.04 PSfrag (MCG)
\pfg@pcount=\count109
\pfg@scount=\count110
\pfg@temp=\write5
)
("C:\Program Files (x86)\MiKTeX 2.9\tex\latex\ams\math\amsmath.sty"
Package: amsmath 2000/07/18 v2.13 AMS math features
\@mathmargin=\skip55

For additional information on amsmath, use the `?' option.
("C:\Program Files (x86)\MiKTeX 2.9\tex\latex\ams\math\amstext.sty"
Package: amstext 2000/06/29 v2.01

("C:\Program Files (x86)\MiKTeX 2.9\tex\latex\ams\math\amsgen.sty"
File: amsgen.sty 1999/11/30 v2.0
\@emptytoks=\toks23
\ex@=\dimen113
))
("C:\Program Files (x86)\MiKTeX 2.9\tex\latex\ams\math\amsbsy.sty"
Package: amsbsy 1999/11/29 v1.2d
\pmbraise@=\dimen114
)
("C:\Program Files (x86)\MiKTeX 2.9\tex\latex\ams\math\amsopn.sty"
Package: amsopn 1999/12/14 v2.01 operator names
)
\inf@bad=\count111
LaTeX Info: Redefining \frac on input line 211.
\uproot@=\count112
\leftroot@=\count113
LaTeX Info: Redefining \overline on input line 307.
\classnum@=\count114
\DOTSCASE@=\count115
LaTeX Info: Redefining \ldots on input line 379.
LaTeX Info: Redefining \dots on input line 382.
LaTeX Info: Redefining \cdots on input line 467.
\Mathstrutbox@=\box29
\strutbox@=\box30
\big@size=\dimen115
LaTeX Font Info:    Redeclaring font encoding OML on input line 567.
LaTeX Font Info:    Redeclaring font encoding OMS on input line 568.
\macc@depth=\count116
\c@MaxMatrixCols=\count117
\dotsspace@=\muskip11
\c@parentequation=\count118
\dspbrk@lvl=\count119
\tag@help=\toks24
\row@=\count120
\column@=\count121
\maxfields@=\count122
\andhelp@=\toks25
\eqnshift@=\dimen116
\alignsep@=\dimen117
\tagshift@=\dimen118
\tagwidth@=\dimen119
\totwidth@=\dimen120
\lineht@=\dimen121
\@envbody=\toks26
\multlinegap=\skip56
\multlinetaggap=\skip57
\mathdisplay@stack=\toks27
LaTeX Info: Redefining \[ on input line 2666.
LaTeX Info: Redefining \] on input line 2667.
)
("C:\Program Files (x86)\MiKTeX 2.9\tex\latex\tools\tabularx.sty"
Package: tabularx 1999/01/07 v2.07 `tabularx' package (DPC)

("C:\Program Files (x86)\MiKTeX 2.9\tex\latex\tools\array.sty"
Package: array 2008/09/09 v2.4c Tabular extension package (FMi)
\col@sep=\dimen122
\extrarowheight=\dimen123
\NC@list=\toks28
\extratabsurround=\skip58
\backup@length=\skip59
)
\TX@col@width=\dimen124
\TX@old@table=\dimen125
\TX@old@col=\dimen126
\TX@target=\dimen127
\TX@delta=\dimen128
\TX@cols=\count123
\TX@ftn=\toks29
)
("C:\Program Files (x86)\MiKTeX 2.9\tex\latex\geometry\geometry.sty"
Package: geometry 2010/09/12 v5.6 Page Geometry
\Gm@cnth=\count124
\Gm@cntv=\count125
\c@Gm@tempcnt=\count126
\Gm@bindingoffset=\dimen129
\Gm@wd@mp=\dimen130
\Gm@odd@mp=\dimen131
\Gm@even@mp=\dimen132
\Gm@layoutwidth=\dimen133
\Gm@layoutheight=\dimen134
\Gm@layouthoffset=\dimen135
\Gm@layoutvoffset=\dimen136
\Gm@dimlist=\toks30

("C:\Program Files (x86)\MiKTeX 2.9\tex\latex\geometry\geometry.cfg"))
("C:\Program Files (x86)\MiKTeX 2.9\tex\latex\tools\showkeys.sty"
Package: showkeys 2007/08/07 v3.15 Show cite and label keys (DPC, MH)
)
("C:\Program Files (x86)\MiKTeX 2.9\tex\latex\graphics\color.sty"
Package: color 2005/11/14 v1.0j Standard LaTeX Color (DPC)

("C:\Program Files (x86)\MiKTeX 2.9\tex\latex\00miktex\color.cfg"
File: color.cfg 2007/01/18 v1.5 color configuration of teTeX/TeXLive
)
Package color Info: Driver file: pdftex.def on input line 130.
)
Package color Info: Redefining color refkey on input line 24.

("C:\Program Files (x86)\MiKTeX 2.9\tex\latex\fncychap\fncychap.sty"
Package: fncychap 2007/07/30 v1.34 LaTeX package (Revised chapters)
\RW=\skip60
\mylen=\skip61
\myhi=\skip62
\px=\skip63
\py=\skip64
\pyy=\skip65
\pxx=\skip66
)
(C:\Users\tpereira\Documents\GitHub\masters_thesis\qualification\portuguese\mac
ros.tex
\bracketwidth=\dimen137
LaTeX Font Info:    Try loading font information for U+msa on input line 19.
 ("C:\Program Files (x86)\MiKTeX 2.9\tex\latex\amsfonts\umsa.fd"
File: umsa.fd 2009/06/22 v3.00 AMS symbols A
)
LaTeX Font Info:    Try loading font information for U+msb on input line 19.

("C:\Program Files (x86)\MiKTeX 2.9\tex\latex\amsfonts\umsb.fd"
File: umsb.fd 2009/06/22 v3.00 AMS symbols B
)
\c@teorema=\count127
\c@lema=\count128
\c@corolario=\count129
\c@definicao=\count130
)
(C:\Users\tpereira\Documents\GitHub\masters_thesis\qualification\portuguese\tia
go_qualification.aux
(C:\Users\tpereira\Documents\GitHub\masters_thesis\qualification\portuguese\cap
1.aux)
(C:\Users\tpereira\Documents\GitHub\masters_thesis\qualification\portuguese\cap
2.aux

LaTeX Warning: Label `cap:review' multiply defined.


LaTeX Warning: Label `sec_db' multiply defined.


LaTeX Warning: Label `sec_review' multiply defined.


LaTeX Warning: Label `sec_consideracoes_finais' multiply defined.

)
(C:\Users\tpereira\Documents\GitHub\masters_thesis\qualification\portuguese\cap
3.aux

LaTeX Warning: Label `cap:metodology' multiply defined.


LaTeX Warning: Label `eq:HTER' multiply defined.

)
(C:\Users\tpereira\Documents\GitHub\masters_thesis\qualification\portuguese\con
clusao.aux))
LaTeX Font Info:    Checking defaults for OML/cmm/m/it on input line 43.
LaTeX Font Info:    ... okay on input line 43.
LaTeX Font Info:    Checking defaults for T1/cmr/m/n on input line 43.
LaTeX Font Info:    ... okay on input line 43.
LaTeX Font Info:    Checking defaults for OT1/cmr/m/n on input line 43.
LaTeX Font Info:    ... okay on input line 43.
LaTeX Font Info:    Checking defaults for OMS/cmsy/m/n on input line 43.
LaTeX Font Info:    ... okay on input line 43.
LaTeX Font Info:    Checking defaults for OMX/cmex/m/n on input line 43.
LaTeX Font Info:    ... okay on input line 43.
LaTeX Font Info:    Checking defaults for U/cmr/m/n on input line 43.
LaTeX Font Info:    ... okay on input line 43.
LaTeX Font Info:    Checking defaults for PD1/pdf/m/n on input line 43.
LaTeX Font Info:    ... okay on input line 43.
 ("C:\Program Files (x86)\MiKTeX 2.9\tex\context\base\supp-pdf.mkii"
[Loading MPS to PDF converter (version 2006.09.02).]
\scratchcounter=\count131
\scratchdimen=\dimen138
\scratchbox=\box31
\nofMPsegments=\count132
\nofMParguments=\count133
\everyMPshowfont=\toks31
\MPscratchCnt=\count134
\MPscratchDim=\dimen139
\MPnumerator=\count135
\makeMPintoPDFobject=\count136
\everyMPtoPDFconversion=\toks32
)
\AtBeginShipoutBox=\box32
Package hyperref Info: Link coloring OFF on input line 43.
 ("C:\Program Files (x86)\MiKTeX 2.9\tex\latex\hyperref\nameref.sty"
Package: nameref 2010/04/30 v2.40 Cross-referencing by name of section

("C:\Program Files (x86)\MiKTeX 2.9\tex\generic\oberdiek\gettitlestring.sty"
Package: gettitlestring 2010/12/03 v1.4 Cleanup title references (HO)
)
\c@section@level=\count137
)
LaTeX Info: Redefining \ref on input line 43.
LaTeX Info: Redefining \pageref on input line 43.
LaTeX Info: Redefining \nameref on input line 43.

(C:\Users\tpereira\Documents\GitHub\masters_thesis\qualification\portuguese\tia
go_qualification.out)
(C:\Users\tpereira\Documents\GitHub\masters_thesis\qualification\portuguese\tia
go_qualification.out)
\@outlinefile=\write6
Package hyperref Info: *** compatibility with harvard ****  on input line 43.

*geometry* driver: auto-detecting
*geometry* detected driver: pdftex
*geometry* verbose mode - [ preamble ] result:
* driver: pdftex
* paper: custom
* layout: <same size as paper>
* layoutoffset:(h,v)=(0.0pt,0.0pt)
* modes: twoside 
* h-part:(L,W,R)=(71.13188pt, 486.25761pt, 56.9055pt)
* v-part:(T,H,B)=(56.9055pt, 681.15898pt, 56.9055pt)
* \paperwidth=614.295pt
* \paperheight=794.96999pt
* \textwidth=486.25761pt
* \textheight=681.15898pt
* \oddsidemargin=-1.1381pt
* \evensidemargin=-15.36449pt
* \topmargin=-47.23828pt
* \headheight=15.0pt
* \headsep=19.8738pt
* \topskip=12.0pt
* \footskip=30.0pt
* \marginparwidth=98.0pt
* \marginparsep=7.0pt
* \columnsep=10.0pt
* \skip\footins=10.8pt plus 4.0pt minus 2.0pt
* \hoffset=0.0pt
* \voffset=0.0pt
* \mag=1000
* \@twocolumnfalse
* \@twosidetrue
* \@mparswitchtrue
* \@reversemarginfalse
* (1in=72.27pt=25.4mm, 1cm=28.453pt)


(C:\Users\tpereira\Documents\GitHub\masters_thesis\qualification\portuguese\cap
a.tex [1
Non-PDF special ignored!

{C:/ProgramData/MiKTeX/2.9/pdftex/config/pdftex.map}]
[2]
Underfull \hbox (badness 1910) in paragraph at lines 67--70
\T1/aer/m/n/10.95 do exame de qua-li-fi-ca-ção apre-sen-tado
 []


Underfull \hbox (badness 10000) in paragraph at lines 67--70

 []

[3] [4])
(C:\Users\tpereira\Documents\GitHub\masters_thesis\qualification\portuguese\res
_abstract.tex [5

] [6] [7

]) [8]
(C:\Users\tpereira\Documents\GitHub\masters_thesis\qualification\portuguese\tia
go_qualification.toc)
\tf@toc=\write7
 [9

] [10]
(C:\Users\tpereira\Documents\GitHub\masters_thesis\qualification\portuguese\cap
1.tex
Cap\'{\i }tulo 1.
LaTeX Font Info:    Try loading font information for OT1+phv on input line 1.
("C:\Program Files (x86)\MiKTeX 2.9\tex\latex\psnfss\ot1phv.fd"
File: ot1phv.fd 2001/06/04 scalable font definitions for OT1/phv.
)
LaTeX Font Info:    Try loading font information for OT1+ptm on input line 1.

("C:\Program Files (x86)\MiKTeX 2.9\tex\latex\psnfss\ot1ptm.fd"
File: ot1ptm.fd 2001/06/04 font definitions for OT1/ptm.
)
LaTeX Font Info:    Try loading font information for OMS+aer on input line 15.

("C:\Program Files (x86)\MiKTeX 2.9\tex\latex\ae\omsaer.fd"
File: omsaer.fd 1999/12/27
)
LaTeX Font Info:    Font shape `OMS/aer/m/n' in size <12> not available
(Font)              Font shape `OMS/cmsy/m/n' tried instead on input line 15.

Underfull \hbox (badness 10000) in paragraph at lines 23--23
[][][]\T1/aer/m/n/10 http://www.dailymail.co.uk/news/article-2100111/New-York-s
pin-doctor-coached-Syrian-dictator-Assad-
 []

[11


] <images/token_itau.jpg, id=183, 2055.68pt x 1541.76pt>
File: images/token_itau.jpg Graphic file (type jpg)

<use images/token_itau.jpg>
Package pdftex.def Info: images/token_itau.jpg used on input line 30.
(pdftex.def)             Requested size: 213.39566pt x 160.04283pt.


LaTeX Warning: Citation 'li2011handbook' on page 12 undefined on input line 36.


[12 <C:/Users/tpereira/Documents/GitHub/masters_thesis/qualification/portuguese
/images/token_itau.jpg>]

LaTeX Warning: Citation 'maltoni2009handbook' on page 13 undefined on input lin
e 50.


LaTeX Warning: Citation 'jain1999biometrics' on page 13 undefined on input line
 50.


LaTeX Warning: Reference `fig:diagram_attacks' on page 13 undefined on input li
ne 70.

<images/diagram_attacks.pdf, id=190, 634.37pt x 379.4175pt>
File: images/diagram_attacks.pdf Graphic file (type pdf)

<use images/diagram_attacks.pdf>
Package pdftex.def Info: images/diagram_attacks.pdf used on input line 74.
(pdftex.def)             Requested size: 369.88582pt x 221.23755pt.


LaTeX Warning: Citation 'xiao2005security' on page 13 undefined on input line 7
9.


LaTeX Warning: Citation 'xiao2005security' on page 13 undefined on input line 8
3.

[13]

LaTeX Warning: Citation 'uludag2004attacks' on page 14 undefined on input line 
87.


LaTeX Warning: Citation 'hill2001risk' on page 14 undefined on input line 87.

[14 <C:/Users/tpereira/Documents/GitHub/masters_thesis/qualification/portuguese
/images/diagram_attacks.pdf>]

LaTeX Warning: Citation 'uludag2004attacks' on page 15 undefined on input line 
95.


LaTeX Warning: Citation 'leyden2002gummi' on page 15 undefined on input line 95
.


LaTeX Warning: Citation 'matsumoto2002impact' on page 15 undefined on input lin
e 95.


LaTeX Warning: Citation 'johnson2010multimodal' on page 15 undefined on input l
ine 95.


LaTeX Warning: Citation 'kanematsu2007highly' on page 15 undefined on input lin
e 95.


LaTeX Warning: Citation 'pacut2006aliveness' on page 15 undefined on input line
 95.


LaTeX Warning: Citation 'chetty2004liveness' on page 15 undefined on input line
 95.


LaTeX Warning: Citation 'eveno2005speaker' on page 15 undefined on input line 9
5.


LaTeX Warning: Citation 'xiao2005security' on page 15 undefined on input line 9
7.

) [15]
(C:\Users\tpereira\Documents\GitHub\masters_thesis\qualification\portuguese\cap
2.tex [16



]
Cap\'{\i }tulo 2.

LaTeX Warning: Citation 'flynn2008handbook' on page 17 undefined on input line 
4.


LaTeX Warning: Citation ' li2011handbook' on page 17 undefined on input line 4.


<images/information_flow.pdf, id=332, 718.685pt x 450.68375pt>
File: images/information_flow.pdf Graphic file (type pdf)

<use images/information_flow.pdf>
Package pdftex.def Info: images/information_flow.pdf used on input line 8.
(pdftex.def)             Requested size: 426.79134pt x 267.64783pt.


LaTeX Warning: Citation 'BlackHat2009' on page 17 undefined on input line 15.

[17 <C:/Users/tpereira/Documents/GitHub/masters_thesis/qualification/portuguese
/images/information_flow.pdf>]

LaTeX Warning: Citation 'uludag2004attacks' on page 18 undefined on input line 
18.


LaTeX Warning: Citation ' leyden2002gummi' on page 18 undefined on input line 1
8.


LaTeX Warning: Citation ' matsumoto2002impact' on page 18 undefined on input li
ne 18.


LaTeX Warning: Citation 'johnson2010multimodal' on page 18 undefined on input l
ine 18.


LaTeX Warning: Citation ' kanematsu2007highly' on page 18 undefined on input li
ne 18.


LaTeX Warning: Citation 'eveno2005speaker chetty2004liveness' on page 18 undefi
ned on input line 18.


LaTeX Warning: Citation '' on page 18 undefined on input line 18.

<images/NUAA.png, id=442, 516.93124pt x 191.71625pt>
File: images/NUAA.png Graphic file (type png)
 <use images/NUAA.png>
Package pdftex.def Info: images/NUAA.png used on input line 34.
(pdftex.def)             Requested size: 213.39566pt x 79.14243pt.

[18 <C:/Users/tpereira/Documents/GitHub/masters_thesis/qualification/portuguese
/images/NUAA.png>]

LaTeX Warning: Citation 'ChingovskaBIOSIG2012' on page 19 undefined on input li
ne 44.

<images/Replay_database.png, id=449, 721.69624pt x 277.035pt>
File: images/Replay_database.png Graphic file (type png)

<use images/Replay_database.png>
Package pdftex.def Info: images/Replay_database.png used on input line 69.
(pdftex.def)             Requested size: 426.79134pt x 163.82967pt.


LaTeX Warning: Reference `fig: casia_db' on page 19 undefined on input line 107
.

[19] <images/casia_db.png, id=464, 585.387pt x 149.96025pt>
File: images/casia_db.png Graphic file (type png)

<use images/casia_db.png>
Package pdftex.def Info: images/casia_db.png used on input line 115.
(pdftex.def)             Requested size: 486.25761pt x 124.56764pt.
 [20 <C:/Users/tpereira/Documents/GitHub/masters_thesis/qualification/portugues
e/images/Replay_database.png>]

LaTeX Warning: Citation 'pan2008liveness' on page 21 undefined on input line 12
8.


LaTeX Warning: Citation 'faraj2007synergy' on page 21 undefined on input line 1
39.


LaTeX Warning: Citation 'chetty2009biometric' on page 21 undefined on input lin
e 139.

[21 <C:/Users/tpereira/Documents/GitHub/masters_thesis/qualification/portuguese
/images/casia_db.png>]

LaTeX Warning: Citation 'pan2007eyeblink' on page 22 undefined on input line 15
7.


LaTeX Warning: Citation 'kollreider2009non' on page 22 undefined on input line 
159.

<images/kollreider.pdf, id=478, 560.0925pt x 133.49875pt>
File: images/kollreider.pdf Graphic file (type pdf)

<use images/kollreider.pdf>
Package pdftex.def Info: images/kollreider.pdf used on input line 163.
(pdftex.def)             Requested size: 398.33858pt x 94.94771pt.
 [22]

LaTeX Warning: Citation 'AnjosIJCB2011' on page 23 undefined on input line 195.


[23 <C:/Users/tpereira/Documents/GitHub/masters_thesis/qualification/portuguese
/images/kollreider.pdf>]

LaTeX Warning: Citation 'ChingovskaBIOSIG2012' on page 24 undefined on input li
ne 218.

<images/lbp_flow.pdf, id=560, 705.63625pt x 155.58125pt>
File: images/lbp_flow.pdf Graphic file (type pdf)

<use images/lbp_flow.pdf>
Package pdftex.def Info: images/lbp_flow.pdf used on input line 222.
(pdftex.def)             Requested size: 426.79134pt x 94.09962pt.
 [24 <C:/Users/tpereira/Documents/GitHub/masters_thesis/qualification/portugues
e/images/lbp_flow.pdf>]
<IMAGES/LBPTOP.pdf, id=643, 399.4925pt x 224.84pt>
File: IMAGES/LBPTOP.pdf Graphic file (type pdf)
 <use IMAGES/LBPTOP.pdf>
Package pdftex.def Info: IMAGES/LBPTOP.pdf used on input line 258.
(pdftex.def)             Requested size: 213.39566pt x 120.10123pt.


LaTeX Warning: Citation 'zhangface' on page 25 undefined on input line 267.

<images/flow_DoG.pdf, id=645, 681.54625pt x 247.92625pt>
File: images/flow_DoG.pdf Graphic file (type pdf)

<use images/flow_DoG.pdf>
Package pdftex.def Info: images/flow_DoG.pdf used on input line 281.
(pdftex.def)             Requested size: 426.79134pt x 155.25616pt.
 [25 <C:/Users/tpereira/Documents/GitHub/masters_thesis/qualification/portugues
e/IMAGES/LBPTOP.pdf>]) [26 <C:/Users/tpereira/Documents/GitHub/masters_thesis/q
ualification/portuguese/images/flow_DoG.pdf>]
(C:\Users\tpereira\Documents\GitHub\masters_thesis\qualification\portuguese\cap
3.tex
Cap\'{\i }tulo 3.
[27



]) [28]
(C:\Users\tpereira\Documents\GitHub\masters_thesis\qualification\portuguese\con
clusao.tex
Cap\'{\i }tulo 4.

Overfull \hbox (66.7729pt too wide) in paragraph at lines 8--31
 [] 
 []


LaTeX Warning: Citation 'Pereira_LBP_2012' on page 29 undefined on input line 3
6.


LaTeX Warning: Citation 'JukkaLBP2012' on page 29 undefined on input line 36.


LaTeX Warning: Reference `fig:ROC_cross' on page 29 undefined on input line 36.


) [29



]
No file tiago_qualification.bbl.
Package atveryend Info: Empty hook `BeforeClearDocument' on input line 110.
Package atveryend Info: Empty hook `AfterLastShipout' on input line 110.

(C:\Users\tpereira\Documents\GitHub\masters_thesis\qualification\portuguese\tia
go_qualification.aux
(C:\Users\tpereira\Documents\GitHub\masters_thesis\qualification\portuguese\cap
1.aux)
(C:\Users\tpereira\Documents\GitHub\masters_thesis\qualification\portuguese\cap
2.aux)
(C:\Users\tpereira\Documents\GitHub\masters_thesis\qualification\portuguese\cap
3.aux)
(C:\Users\tpereira\Documents\GitHub\masters_thesis\qualification\portuguese\con
clusao.aux))
Package atveryend Info: Executing hook `AtVeryEndDocument' on input line 110.
Package atveryend Info: Executing hook `AtEndAfterFileList' on input line 110.


Package rerunfilecheck Warning: File `tiago_qualification.out' has changed.
(rerunfilecheck)                Rerun to get outlines right
(rerunfilecheck)                or use package `bookmark'.

Package rerunfilecheck Info: Checksums for `tiago_qualification.out':
(rerunfilecheck)             Before: E235EAACE9ECDE40419BAFFC79C09632;1822
(rerunfilecheck)             After:  53689751244B15AE61A8DCAF0EBA4086;1841.

LaTeX Warning: There were undefined references.


LaTeX Warning: There were multiply-defined labels.

 ) 
Here is how much of TeX's memory you used:
 8326 strings out of 494045
 118111 string characters out of 3145960
 216774 words of memory out of 3000000
 11280 multiletter control sequences out of 15000+200000
 51547 words of font info for 105 fonts, out of 3000000 for 9000
 715 hyphenation exceptions out of 8191
 44i,12n,43p,1696b,429s stack positions out of 5000i,500n,10000p,200000b,50000s
{C:/Program Files (x86)/MiKTeX 2.9/fonts/enc/dvips/fontname/8r.enc}<C:/Progra
m Files (x86)/MiKTeX 2.9/fonts/type1/public/amsfonts/cm/cmbx12.pfb><C:/Program 
Files (x86)/MiKTeX 2.9/fonts/type1/public/amsfonts/cm/cmbxti10.pfb><C:/Program 
Files (x86)/MiKTeX 2.9/fonts/type1/public/amsfonts/cm/cmcsc10.pfb><C:/Program F
iles (x86)/MiKTeX 2.9/fonts/type1/public/amsfonts/cm/cmex10.pfb><C:/Program Fil
es (x86)/MiKTeX 2.9/fonts/type1/public/amsfonts/cm/cmmi10.pfb><C:/Program Files
 (x86)/MiKTeX 2.9/fonts/type1/public/amsfonts/cm/cmmi12.pfb><C:/Program Files (
x86)/MiKTeX 2.9/fonts/type1/public/amsfonts/cm/cmmi8.pfb><C:/Program Files (x86
)/MiKTeX 2.9/fonts/type1/public/amsfonts/cm/cmr10.pfb><C:/Program Files (x86)/M
iKTeX 2.9/fonts/type1/public/amsfonts/cm/cmr12.pfb><C:/Program Files (x86)/MiKT
eX 2.9/fonts/type1/public/amsfonts/cm/cmr17.pfb><C:/Program Files (x86)/MiKTeX 
2.9/fonts/type1/public/amsfonts/cm/cmr7.pfb><C:/Program Files (x86)/MiKTeX 2.9/
fonts/type1/public/amsfonts/cm/cmr8.pfb><C:/Program Files (x86)/MiKTeX 2.9/font
s/type1/public/amsfonts/cm/cmsy10.pfb><C:/Program Files (x86)/MiKTeX 2.9/fonts/
type1/public/amsfonts/cm/cmsy8.pfb><C:/Program Files (x86)/MiKTeX 2.9/fonts/typ
e1/public/amsfonts/cm/cmti12.pfb><C:/Program Files (x86)/MiKTeX 2.9/fonts/type1
/urw/helvetic/uhvr8a.pfb><C:/Program Files (x86)/MiKTeX 2.9/fonts/type1/urw/tim
es/utmr8a.pfb>
Output written on tiago_qualification.pdf (29 pages, 5770631 bytes).
PDF statistics:
 826 PDF objects out of 1000 (max. 8388607)
 88 named destinations out of 1000 (max. 500000)
 243 words of extra memory for PDF output out of 10000 (max. 10000000)

