\BOOKMARK [0][-]{chapter.1}{Introdu\347\343o}{}% 1
\BOOKMARK [1][-]{section.1.1}{Contextualiza\347\343o e Motiva\347\343o}{chapter.1}% 2
\BOOKMARK [2][-]{subsection.1.1.1}{Ataque de Replay}{section.1.1}% 3
\BOOKMARK [2][-]{subsection.1.1.2}{Ataque na Refer\352ncia Biom\351trica}{section.1.1}% 4
\BOOKMARK [2][-]{subsection.1.1.3}{Ataque man-in-the-midle}{section.1.1}% 5
\BOOKMARK [2][-]{subsection.1.1.4}{Ataque de Spoofing}{section.1.1}% 6
\BOOKMARK [1][-]{section.1.2}{Objetivos}{chapter.1}% 7
\BOOKMARK [1][-]{section.1.3}{Organiza\347\343o do Trabalho}{chapter.1}% 8
\BOOKMARK [0][-]{chapter.2}{Revis\343o da Literatura}{}% 9
\BOOKMARK [1][-]{section.2.1}{Bases de Dados de Refer\352ncia}{chapter.2}% 10
\BOOKMARK [2][-]{subsection.2.1.1}{NUAA}{section.2.1}% 11
\BOOKMARK [2][-]{subsection.2.1.2}{Replay Attack}{section.2.1}% 12
\BOOKMARK [2][-]{subsection.2.1.3}{CASIA FASD}{section.2.1}% 13
\BOOKMARK [1][-]{section.2.2}{Spoofing em Reconhecimento de Face}{chapter.2}% 14
\BOOKMARK [2][-]{subsection.2.2.1}{Presen\347a de Vitalidade}{section.2.2}% 15
\BOOKMARK [2][-]{subsection.2.2.2}{Caracter\355sticas da Cena}{section.2.2}% 16
\BOOKMARK [2][-]{subsection.2.2.3}{Discrep\342ncia Relativa \340 Qualidade da Imagem}{section.2.2}% 17
\BOOKMARK [1][-]{section.2.3}{Considera\347\365es Finais}{chapter.2}% 18
\BOOKMARK [0][-]{chapter.3}{Metodologia de Avalia\347\343o}{}% 19
\BOOKMARK [1][-]{section.3.1}{Medidas de Desempenho}{chapter.3}% 20
\BOOKMARK [1][-]{section.3.2}{Protocolo de Avalia\347\343o Intra Base de Dados}{chapter.3}% 21
\BOOKMARK [1][-]{section.3.3}{Protocolo de avalia\347\343o Inter-base de dados}{chapter.3}% 22
\BOOKMARK [0][-]{chapter.4}{Resultados Parciais e Plano de Trabalho}{}% 23
\BOOKMARK [1][-]{section.4.1}{Protocolo de Avalia\347\343o Intra Base de Dados}{chapter.4}% 24
\BOOKMARK [1][-]{section.4.2}{Protocolo de Avalia\347\343o Inter Base de Dados}{chapter.4}% 25
\BOOKMARK [1][-]{section.4.3}{Plano de Trabalho}{chapter.4}% 26
\BOOKMARK [0][-]{chapter.5}{Conclus\365es Parciais}{}% 27
